<?xml version="1.0" encoding="UTF-8"?>
<!-- Generated by org.testng.reporters.JUnitXMLReporter -->
<testsuite ignored="0" hostname="LAPTOP-6QEBGIVL" failures="0" tests="5" name="Test" time="22.379" errors="0" timestamp="2024-07-25T09:36:35 IST">
  <testcase classname="apiTests.PostCreatePostTest" name="createPostTest" time="3.002"/>
  <testcase classname="apiTests.GetPostsTest" name="getPostsTest" time="0.461"/>
  <testcase classname="tests.LoginTest" name="invalidLoginTest" time="5.875"/>
  <testcase classname="tests.LoginTest" name="loginTest" time="5.421"/>
  <testcase classname="tests.LogoutTest" name="logoutTest" time="6.253"/>
</testsuite> <!-- Test -->
